Running 1 CTests, suite name 'splinterdb_quick', test case 'all'.
TEST 1/15 splinterdb_quick:test_basic_flow &&&&&&&&&&&&&&&&&&&
&&  MEMTABLES 
&&  curr: 1
-------------------
Memtable root_addr=2752512: gen 1 ref_count 3 state 1

[  0] incorporate memtable gen 0 into root 262144
----------------------------------------------------------------------------------------------------
|          |     addr     |   next addr  | height |   gen   | pvt gen |                            |
|  HEADER  |--------------|--------------|--------|---------|---------|----------------------------|
|          |       262144 |            0 |      1 |       0 |       1 |                            |
|--------------------------------------------------------------------------------------------------|
|                                       PIVOTS                                                     |
|--------------------------------------------------------------------------------------------------|
|         pivot key        |  child addr  |  filter addr | tuple count | kv bytes  |  srq  |  gen  |
|--------------------------|--------------|--------------|-------------|-----------|-------|-------|
| 0x |       393216 |            0 |           0 |         0 |    -1 |     0 |
| Full key: '0x'
| 0xffffffffffffffffffffff |              |              |             |           |       |       |
| Full key: '0xffffffffffffffffffffffffff'
|--------------------------------------------------------------------------------------------------|
|                              BRANCHES AND [SUB]BUNDLES                                           |
|start_branch=0  end_branch=0  start_bundle=0  end_bundle=0  start_sb=0  end_sb=0                  |
|--------------------------------------------------------------------------------------------------|
|   # |          point addr         | filter1 addr | filter2 addr | filter3 addr |                 |
|     |    pivot/bundle/subbundle   |  num tuples  |              |              |                 |
|-----|--------------|--------------|--------------|--------------|--------------|-----------------|
----------------------------------------------------------------------------------------------------

}
[  0] ----------------------------------------
[  0] enqueuing build filter 262144-0
----------------------------------------------------------------------------------------------------
|          |     addr     |   next addr  | height |   gen   | pvt gen |                            |
|  HEADER  |--------------|--------------|--------|---------|---------|----------------------------|
|          |       262144 |            0 |      1 |       0 |       1 |                            |
|--------------------------------------------------------------------------------------------------|
|                                       PIVOTS                                                     |
|--------------------------------------------------------------------------------------------------|
|         pivot key        |  child addr  |  filter addr | tuple count | kv bytes  |  srq  |  gen  |
|--------------------------|--------------|--------------|-------------|-----------|-------|-------|
| 0x |       393216 |            0 |           1 |        14 |    -1 |     0 |
| Full key: '0x'
| 0xffffffffffffffffffffff |              |              |             |           |       |       |
| Full key: '0xffffffffffffffffffffffffff'
|--------------------------------------------------------------------------------------------------|
|                              BRANCHES AND [SUB]BUNDLES                                           |
|start_branch=0  end_branch=1  start_bundle=0  end_bundle=1  start_sb=0  end_sb=1                  |
|--------------------------------------------------------------------------------------------------|
|   # |          point addr         | filter1 addr | filter2 addr | filter3 addr |                 |
|     |    pivot/bundle/subbundle   |  num tuples  |              |              |                 |
|-----|--------------|--------------|--------------|--------------|--------------|-----------------|
|     |        -- pivot  0 --       |              |              |              |                 |
|     |       -- bundle  0 --       |            1 |              |              |                 |
|     |  --   comp subbundle  0 --  |      8126464 |            0 |            0 |                |
|   0 |              6684672        |              |              |              |                 |
----------------------------------------------------------------------------------------------------

}
[  0] ----------------------------------------
[  0] 
[  0] build filter for 262144 bundle 0 pivot_gen 1
----------------------------------------------------------------------------------------------------
|          |     addr     |   next addr  | height |   gen   | pvt gen |                            |
|  HEADER  |--------------|--------------|--------|---------|---------|----------------------------|
|          |       262144 |            0 |      1 |       0 |       1 |                            |
|--------------------------------------------------------------------------------------------------|
|                                       PIVOTS                                                     |
|--------------------------------------------------------------------------------------------------|
|         pivot key        |  child addr  |  filter addr | tuple count | kv bytes  |  srq  |  gen  |
|--------------------------|--------------|--------------|-------------|-----------|-------|-------|
| 0x |       393216 |            0 |           1 |        14 |    -1 |     0 |
| Full key: '0x'
| 0xffffffffffffffffffffff |              |              |             |           |       |       |
| Full key: '0xffffffffffffffffffffffffff'
|--------------------------------------------------------------------------------------------------|
|                              BRANCHES AND [SUB]BUNDLES                                           |
|start_branch=0  end_branch=1  start_bundle=0  end_bundle=1  start_sb=0  end_sb=1                  |
|--------------------------------------------------------------------------------------------------|
|   # |          point addr         | filter1 addr | filter2 addr | filter3 addr |                 |
|     |    pivot/bundle/subbundle   |  num tuples  |              |              |                 |
|-----|--------------|--------------|--------------|--------------|--------------|-----------------|
|     |        -- pivot  0 --       |              |              |              |                 |
|     |       -- bundle  0 --       |            1 |              |              |                 |
|     |  --   comp subbundle  0 --  |      8126464 |            0 |            0 |                |
|   0 |              6684672        |              |              |              |                 |
----------------------------------------------------------------------------------------------------

}
[  0] ----------------------------------------
----------------------------------------------------------------------------------------------------
|          |     addr     |   next addr  | height |   gen   | pvt gen |                            |
|  HEADER  |--------------|--------------|--------|---------|---------|----------------------------|
|          |       262144 |            0 |      1 |       0 |       1 |                            |
|--------------------------------------------------------------------------------------------------|
|                                       PIVOTS                                                     |
|--------------------------------------------------------------------------------------------------|
|         pivot key        |  child addr  |  filter addr | tuple count | kv bytes  |  srq  |  gen  |
|--------------------------|--------------|--------------|-------------|-----------|-------|-------|
| 0x |       393216 |      9961472 |           1 |        14 |    -1 |     0 |
| Full key: '0x'
| 0xffffffffffffffffffffff |              |              |             |           |       |       |
| Full key: '0xffffffffffffffffffffffffff'
|--------------------------------------------------------------------------------------------------|
|                              BRANCHES AND [SUB]BUNDLES                                           |
|start_branch=0  end_branch=1  start_bundle=1  end_bundle=1  start_sb=1  end_sb=1                  |
|--------------------------------------------------------------------------------------------------|
|   # |          point addr         | filter1 addr | filter2 addr | filter3 addr |                 |
|     |    pivot/bundle/subbundle   |  num tuples  |              |              |                 |
|-----|--------------|--------------|--------------|--------------|--------------|-----------------|
|     |        -- pivot  0 --       |              |              |              |                 |
|   0 |              6684672        |              |              |              |                 |
----------------------------------------------------------------------------------------------------

}
[  0] ----------------------------------------
[  0] 
[SIGSEGV: Segmentation fault]
